current directory: /Users/jaydenthelwell/jam2/jam/''/gems/prism-0.27.0/ext/prism
/Users/jaydenthelwell/.rbenv/versions/3.2.2/bin/ruby extconf.rb
/Users/jaydenthelwell/.rbenv/versions/3.2.2/bin/ruby: warning: Ruby was built without YJIT support. You may need to install rustc to build Ruby with YJIT.
checking for prism.h in /Users/jaydenthelwell/jam2/jam/''/gems/prism-0.27.0/include... no
*** extconf.rb failed ***
Could not create Makefile due to some reason, probably lack of necessary
libraries and/or headers.  Check the mkmf.log file for more details.  You may
need configuration options.

Provided configuration options:
	--with-opt-dir
	--without-opt-dir
	--with-opt-include
	--without-opt-include=${opt-dir}/include
	--with-opt-lib
	--without-opt-lib=${opt-dir}/lib
	--with-make-prog
	--without-make-prog
	--srcdir=.
	--curdir
	--ruby=/Users/jaydenthelwell/.rbenv/versions/3.2.2/bin/$(RUBY_BASE_NAME)
extconf.rb:94:in `<main>': prism.h is required (RuntimeError)

To see why this extension failed to compile, please check the mkmf.log which can be found here:

  /Users/jaydenthelwell/jam2/jam/''/extensions/x86_64-darwin-22/3.2.0/prism-0.27.0/mkmf.log

extconf failed, exit code 1
